# JRE version: OpenJDK Runtime Environment (11.0.10) (build 11.0.10+0-b96-7249189)
# Java VM: OpenJDK 64-Bit Server VM (11.0.10+0-b96-7249189, mixed mode, tiered, compressed oops, g1 gc, windows-amd64)
Heap:
 garbage-first heap   total 315392K, used 159653K [0x0000000701c00000, 0x0000000800000000)
  region size 1024K, 111 young (113664K), 16 survivors (16384K)
 Metaspace       used 69478K, capacity 70387K, committed 70664K, reserved 1112064K
  class space    used 7765K, capacity 8130K, committed 8192K, reserved 1048576K
GC Heap History (16 events):
Event: 0.502 GC heap before
{Heap before GC invocations=0 (full 0):
 garbage-first heap   total 262144K, used 27648K [0x0000000701c00000, 0x0000000800000000)
  region size 1024K, 24 young (24576K), 0 survivors (0K)
 Metaspace       used 12345K, capacity 12504K, committed 12800K, reserved 1060864K
  class space    used 1163K, capacity 1207K, committed 1280K, reserved 1048576K
}
Event: 0.505 GC heap after
{Heap after GC invocations=1 (full 0):
 garbage-first heap   total 262144K, used 5757K [0x0000000701c00000, 0x0000000800000000)
  region size 1024K, 3 young (3072K), 3 survivors (3072K)
 Metaspace       used 12345K, capacity 12504K, committed 12800K, reserved 1060864K
  class space    used 1163K, capacity 1207K, committed 1280K, reserved 1048576K
}
Event: 1.092 GC heap before
{Heap before GC invocations=1 (full 0):
 garbage-first heap   total 262144K, used 41597K [0x0000000701c00000, 0x0000000800000000)
  region size 1024K, 39 young (39936K), 3 survivors (3072K)
 Metaspace       used 20895K, capacity 21128K, committed 21296K, reserved 1069056K
  class space    used 2224K, capacity 2327K, committed 2432K, reserved 1048576K
}
Event: 1.102 GC heap after
{Heap after GC invocations=2 (full 0):
 garbage-first heap   total 262144K, used 9168K [0x0000000701c00000, 0x0000000800000000)
  region size 1024K, 6 young (6144K), 6 survivors (6144K)
 Metaspace       used 20895K, capacity 21128K, committed 21296K, reserved 1069056K
  class space    used 2224K, capacity 2327K, committed 2432K, reserved 1048576K
}
Event: 1.991 GC heap before
{Heap before GC invocations=3 (full 0):
 garbage-first heap   total 262144K, used 63440K [0x0000000701c00000, 0x0000000800000000)
  region size 1024K, 55 young (56320K), 6 survivors (6144K)
 Metaspace       used 32317K, capacity 32724K, committed 32944K, reserved 1079296K
  class space    used 3839K, capacity 4009K, committed 4096K, reserved 1048576K
}
Event: 2.004 GC heap after
{Heap after GC invocations=4 (full 0):
 garbage-first heap   total 262144K, used 21119K [0x0000000701c00000, 0x0000000800000000)
  region size 1024K, 7 young (7168K), 7 survivors (7168K)
 Metaspace       used 32317K, capacity 32724K, committed 32944K, reserved 1079296K
  class space    used 3839K, capacity 4009K, committed 4096K, reserved 1048576K
}
Event: 2.188 GC heap before
{Heap before GC invocations=4 (full 0):
 garbage-first heap   total 262144K, used 31359K [0x0000000701c00000, 0x0000000800000000)
  region size 1024K, 18 young (18432K), 7 survivors (7168K)
 Metaspace       used 35273K, capacity 35706K, committed 35920K, reserved 1081344K
  class space    used 4389K, capacity 4555K, committed 4608K, reserved 1048576K
}
Event: 2.196 GC heap after
{Heap after GC invocations=5 (full 0):
 garbage-first heap   total 262144K, used 22341K [0x0000000701c00000, 0x0000000800000000)
  region size 1024K, 6 young (6144K), 6 survivors (6144K)
 Metaspace       used 35273K, capacity 35706K, committed 35920K, reserved 1081344K
  class space    used 4389K, capacity 4555K, committed 4608K, reserved 1048576K
}
Event: 2.529 GC heap before
{Heap before GC invocations=6 (full 0):
 garbage-first heap   total 262144K, used 44869K [0x0000000701c00000, 0x0000000800000000)
  region size 1024K, 28 young (28672K), 6 survivors (6144K)
 Metaspace       used 39082K, capacity 39617K, committed 39888K, reserved 1085440K
  class space    used 4785K, capacity 4981K, committed 4992K, reserved 1048576K
}
Event: 2.537 GC heap after
{Heap after GC invocations=7 (full 0):
 garbage-first heap   total 262144K, used 22851K [0x0000000701c00000, 0x0000000800000000)
  region size 1024K, 4 young (4096K), 4 survivors (4096K)
 Metaspace       used 39082K, capacity 39617K, committed 39888K, reserved 1085440K
  class space    used 4785K, capacity 4981K, committed 4992K, reserved 1048576K
}
Event: 3.549 GC heap before
{Heap before GC invocations=7 (full 0):
 garbage-first heap   total 262144K, used 95555K [0x0000000701c00000, 0x0000000800000000)
  region size 1024K, 72 young (73728K), 4 survivors (4096K)
 Metaspace       used 48994K, capacity 49515K, committed 49616K, reserved 1093632K
  class space    used 5787K, capacity 6006K, committed 6016K, reserved 1048576K
}
Event: 3.560 GC heap after
{Heap after GC invocations=8 (full 0):
 garbage-first heap   total 315392K, used 31210K [0x0000000701c00000, 0x0000000800000000)
  region size 1024K, 9 young (9216K), 9 survivors (9216K)
 Metaspace       used 48994K, capacity 49515K, committed 49616K, reserved 1093632K
  class space    used 5787K, capacity 6006K, committed 6016K, reserved 1048576K
}
Event: 5.474 GC heap before
{Heap before GC invocations=8 (full 0):
 garbage-first heap   total 315392K, used 115178K [0x0000000701c00000, 0x0000000800000000)
  region size 1024K, 92 young (94208K), 9 survivors (9216K)
 Metaspace       used 59415K, capacity 60096K, committed 60296K, reserved 1101824K
  class space    used 6873K, capacity 7172K, committed 7296K, reserved 1048576K
}
Event: 5.536 GC heap after
{Heap after GC invocations=9 (full 0):
 garbage-first heap   total 315392K, used 44114K [0x0000000701c00000, 0x0000000800000000)
  region size 1024K, 17 young (17408K), 17 survivors (17408K)
 Metaspace       used 59415K, capacity 60096K, committed 60296K, reserved 1101824K
  class space    used 6873K, capacity 7172K, committed 7296K, reserved 1048576K
}
Event: 8.173 GC heap before
{Heap before GC invocations=10 (full 0):
 garbage-first heap   total 315392K, used 159826K [0x0000000701c00000, 0x0000000800000000)
  region size 1024K, 130 young (133120K), 17 survivors (17408K)
 Metaspace       used 66338K, capacity 67169K, committed 67208K, reserved 1110016K
  class space    used 7468K, capacity 7773K, committed 7808K, reserved 1048576K
}
Event: 8.207 GC heap after
{Heap after GC invocations=11 (full 0):
 garbage-first heap   total 315392K, used 60325K [0x0000000701c00000, 0x0000000800000000)
  region size 1024K, 16 young (16384K), 16 survivors (16384K)
 Metaspace       used 66338K, capacity 67169K, committed 67208K, reserved 1110016K
  class space    used 7468K, capacity 7773K, committed 7808K, reserved 1048576K
}

