# JRE version: OpenJDK Runtime Environment (11.0.10) (build 11.0.10+0-b96-7249189)
# Java VM: OpenJDK 64-Bit Server VM (11.0.10+0-b96-7249189, mixed mode, tiered, compressed oops, g1 gc, windows-amd64)
Heap:
 garbage-first heap   total 315392K, used 166178K [0x0000000701c00000, 0x0000000800000000)
  region size 1024K, 140 young (143360K), 19 survivors (19456K)
 Metaspace       used 67402K, capacity 68252K, committed 68488K, reserved 1110016K
  class space    used 7667K, capacity 7984K, committed 8064K, reserved 1048576K
GC Heap History (14 events):
Event: 0.494 GC heap before
{Heap before GC invocations=0 (full 0):
 garbage-first heap   total 262144K, used 27648K [0x0000000701c00000, 0x0000000800000000)
  region size 1024K, 24 young (24576K), 0 survivors (0K)
 Metaspace       used 12341K, capacity 12504K, committed 12800K, reserved 1060864K
  class space    used 1163K, capacity 1207K, committed 1280K, reserved 1048576K
}
Event: 0.497 GC heap after
{Heap after GC invocations=1 (full 0):
 garbage-first heap   total 262144K, used 5758K [0x0000000701c00000, 0x0000000800000000)
  region size 1024K, 3 young (3072K), 3 survivors (3072K)
 Metaspace       used 12341K, capacity 12504K, committed 12800K, reserved 1060864K
  class space    used 1163K, capacity 1207K, committed 1280K, reserved 1048576K
}
Event: 1.055 GC heap before
{Heap before GC invocations=1 (full 0):
 garbage-first heap   total 262144K, used 41598K [0x0000000701c00000, 0x0000000800000000)
  region size 1024K, 39 young (39936K), 3 survivors (3072K)
 Metaspace       used 20926K, capacity 21128K, committed 21296K, reserved 1069056K
  class space    used 2224K, capacity 2327K, committed 2432K, reserved 1048576K
}
Event: 1.065 GC heap after
{Heap after GC invocations=2 (full 0):
 garbage-first heap   total 262144K, used 9327K [0x0000000701c00000, 0x0000000800000000)
  region size 1024K, 7 young (7168K), 7 survivors (7168K)
 Metaspace       used 20926K, capacity 21128K, committed 21296K, reserved 1069056K
  class space    used 2224K, capacity 2327K, committed 2432K, reserved 1048576K
}
Event: 1.964 GC heap before
{Heap before GC invocations=3 (full 0):
 garbage-first heap   total 262144K, used 65647K [0x0000000701c00000, 0x0000000800000000)
  region size 1024K, 57 young (58368K), 7 survivors (7168K)
 Metaspace       used 32773K, capacity 33237K, committed 33584K, reserved 1079296K
  class space    used 4020K, capacity 4201K, committed 4224K, reserved 1048576K
}
Event: 1.976 GC heap after
{Heap after GC invocations=4 (full 0):
 garbage-first heap   total 262144K, used 21011K [0x0000000701c00000, 0x0000000800000000)
  region size 1024K, 8 young (8192K), 8 survivors (8192K)
 Metaspace       used 32773K, capacity 33237K, committed 33584K, reserved 1079296K
  class space    used 4020K, capacity 4201K, committed 4224K, reserved 1048576K
}
Event: 2.116 GC heap before
{Heap before GC invocations=4 (full 0):
 garbage-first heap   total 262144K, used 30227K [0x0000000701c00000, 0x0000000800000000)
  region size 1024K, 18 young (18432K), 8 survivors (8192K)
 Metaspace       used 35291K, capacity 35706K, committed 35920K, reserved 1081344K
  class space    used 4390K, capacity 4555K, committed 4608K, reserved 1048576K
}
Event: 2.124 GC heap after
{Heap after GC invocations=5 (full 0):
 garbage-first heap   total 262144K, used 22035K [0x0000000701c00000, 0x0000000800000000)
  region size 1024K, 9 young (9216K), 9 survivors (9216K)
 Metaspace       used 35291K, capacity 35706K, committed 35920K, reserved 1081344K
  class space    used 4390K, capacity 4555K, committed 4608K, reserved 1048576K
}
Event: 2.280 GC heap before
{Heap before GC invocations=6 (full 0):
 garbage-first heap   total 262144K, used 31251K [0x0000000701c00000, 0x0000000800000000)
  region size 1024K, 18 young (18432K), 9 survivors (9216K)
 Metaspace       used 36582K, capacity 37030K, committed 37328K, reserved 1081344K
  class space    used 4526K, capacity 4719K, committed 4736K, reserved 1048576K
}
Event: 2.287 GC heap after
{Heap after GC invocations=7 (full 0):
 garbage-first heap   total 262144K, used 21389K [0x0000000701c00000, 0x0000000800000000)
  region size 1024K, 3 young (3072K), 3 survivors (3072K)
 Metaspace       used 36582K, capacity 37030K, committed 37328K, reserved 1081344K
  class space    used 4526K, capacity 4719K, committed 4736K, reserved 1048576K
}
Event: 3.732 GC heap before
{Heap before GC invocations=7 (full 0):
 garbage-first heap   total 262144K, used 119693K [0x0000000701c00000, 0x0000000800000000)
  region size 1024K, 96 young (98304K), 3 survivors (3072K)
 Metaspace       used 51522K, capacity 52147K, committed 52304K, reserved 1095680K
  class space    used 6053K, capacity 6307K, committed 6400K, reserved 1048576K
}
Event: 3.746 GC heap after
{Heap after GC invocations=8 (full 0):
 garbage-first heap   total 315392K, used 32106K [0x0000000701c00000, 0x0000000800000000)
  region size 1024K, 11 young (11264K), 11 survivors (11264K)
 Metaspace       used 51522K, capacity 52147K, committed 52304K, reserved 1095680K
  class space    used 6053K, capacity 6307K, committed 6400K, reserved 1048576K
}
Event: 5.401 GC heap before
{Heap before GC invocations=8 (full 0):
 garbage-first heap   total 315392K, used 105834K [0x0000000701c00000, 0x0000000800000000)
  region size 1024K, 84 young (86016K), 11 survivors (11264K)
 Metaspace       used 59407K, capacity 60096K, committed 60296K, reserved 1101824K
  class space    used 6875K, capacity 7172K, committed 7296K, reserved 1048576K
}
Event: 5.453 GC heap after
{Heap after GC invocations=9 (full 0):
 garbage-first heap   total 315392K, used 43298K [0x0000000701c00000, 0x0000000800000000)
  region size 1024K, 19 young (19456K), 19 survivors (19456K)
 Metaspace       used 59407K, capacity 60096K, committed 60296K, reserved 1101824K
  class space    used 6875K, capacity 7172K, committed 7296K, reserved 1048576K
}

